2023-09-20 14:02:09 [console.INFO] [yii\db\Connection::open] Opening DB connection: mysql:host=db;dbname=db;port=3306 {"memory":2566968} 
2023-09-20 14:02:09 [console.INFO] [application] Request context:
$_GET = []

$_POST = []

$_FILES = []

$_COOKIE = []

$_SERVER = [
    'NVM_RC_VERSION' => ''
    'DEPLOY_NAME' => 'local'
    'DDEV_WEBSERVER_TYPE' => 'nginx-fpm'
    'npm_config_cache' => '/mnt/ddev-global-cache/npm'
    'IS_DDEV_PROJECT' => 'true'
    'PHP_DEFAULT_VERSION' => '8.0'
    'HOSTNAME' => 'brianhanson-web'
    'MH_SMTP_BIND_ADDR' => '127.0.0.1:1025'
    'SSH_AUTH_SOCK' => '/home/.ssh-agent/socket'
    'NODE_EXTRA_CA_CERTS' => '/mnt/ddev-global-cache/mkcert/rootCA.pem'
    'DOCKER_IP' => '127.0.0.1'
    'PGPASSWORD' => 'db'
    'DRUSH_ALLOW_XDEBUG' => '1'
    'MYSQL_PWD' => 'db'
    'DDEV_DOCROOT' => 'app/web'
    'PWD' => '/var/www/html/app'
    'PLATFORMSH_CLI_UPDATES_CHECK' => '0'
    'DDEV_FILES_DIR' => ''
    'APACHE_SITE_TEMPLATE' => '/etc/apache2/apache-site.conf'
    'GOARCH' => 'arm64'
    'DDEV_VERSION' => 'v1.22.0'
    'TZ' => ''
    'HTTPS_EXPOSE' => '443:80,8026:8025'
    'DDEV_PRIMARY_URL' => 'https://brianhanson.ddev.site'
    'LINES' => '76'
    'DDEV_SITENAME' => 'brianhanson'
    'HOME' => '/home/brianhanson'
    'DRUSH_OPTIONS_URI' => 'https://brianhanson.ddev.site'
    'LANG' => 'C.UTF-8'
    'PHP_IDE_CONFIG' => 'serverName=brianhanson.ddev.site'
    'COLUMNS' => '179'
    'DDEV_MUTAGEN_ENABLED' => 'true'
    'PGUSER' => 'db'
    'TERMINUS_CACHE_DIR' => '/mnt/ddev-global-cache/terminus/cache'
    'DDEV_ROUTER_HTTP_PORT' => '80'
    'COMPOSER_PROCESS_TIMEOUT' => '2000'
    'CRAFT_CMD_ROOT' => './app'
    'NGINX_SITE_TEMPLATE' => '/etc/nginx/nginx-site.conf'
    'DDEV_FILES_DIRS' => ''
    'HTTP_EXPOSE' => '80:80,8025:8025'
    'NVM_DIR' => '/home/brianhanson/.nvm'
    'DDEV_PHP_VERSION' => '8.0'
    'DDEV_TLD' => 'ddev.site'
    'DDEV_HOSTNAME' => 'brianhanson.ddev.site'
    'DDEV_PROJECT' => 'brianhanson'
    'VIRTUAL_HOST' => 'brianhanson.ddev.site'
    'TERM' => 'xterm'
    'USER' => 'brianhanson'
    'MYSQL_HISTFILE' => '/mnt/ddev-global-cache/mysqlhistory/brianhanson-web/mysql_history'
    'DDEV_WEB_ENTRYPOINT' => '/mnt/ddev_config/web-entrypoint.d'
    'CAROOT' => '/mnt/ddev-global-cache/mkcert'
    'SHLVL' => '1'
    'NVM_CD_FLAGS' => ''
    'COMPOSER_ALLOW_SUPERUSER' => '1'
    'BASH_ENV' => '/etc/bash.nointeractive.bashrc'
    'DDEV_DATABASE' => 'mariadb:10.4'
    'PGDATABASE' => 'db'
    'XHPROF_OUTPUT_DIR' => '/tmp/xhprof'
    'COMPOSER_CACHE_DIR' => '/mnt/ddev-global-cache/composer'
    'DDEV_XDEBUG_ENABLED' => 'false'
    'DDEV_DATABASE_FAMILY' => 'mysql'
    'PGHOST' => 'db'
    'DDEV_COMPOSER_ROOT' => '/var/www/html/app'
    'DOCROOT' => 'app/web'
    'TERMINUS_HIDE_UPDATE_MESSAGE' => '1'
    'PATH' => '~/bin:/usr/local/sbin:/usr/local/bin:/usr/sbin:/usr/bin:/sbin:/bin:/var/www/html/vendor/bin:/var/www/html/bin:/var/www/html/app/vendor/bin'
    'HOST_DOCKER_INTERNAL_IP' => ''
    'DEBIAN_FRONTEND' => 'noninteractive'
    'DDEV_PROJECT_TYPE' => 'craftcms'
    'DDEV_ROUTER_HTTPS_PORT' => '443'
    'GOOS' => 'darwin'
    'OLDPWD' => '/var/www/html'
    '_' => '/usr/bin/php'
    'PHP_SELF' => 'craft'
    'SCRIPT_NAME' => 'craft'
    'SCRIPT_FILENAME' => 'craft'
    'PATH_TRANSLATED' => 'craft'
    'DOCUMENT_ROOT' => ''
    'REQUEST_TIME_FLOAT' => 1695218525.5836
    'REQUEST_TIME' => 1695218525
    'argv' => [
        0 => 'craft'
        1 => 'up'
    ]
    'argc' => 2
    'CRAFT_APP_ID' => ''
    'CRAFT_ENVIRONMENT' => 'dev'
    'CRAFT_SECURITY_KEY' => '••••••••••••••••••••••••••••••••'
    'CRAFT_DB_DRIVER' => 'mysql'
    'CRAFT_DB_SERVER' => 'db'
    'CRAFT_DB_PORT' => '3306'
    'CRAFT_DB_DATABASE' => 'db'
    'CRAFT_DB_USER' => 'db'
    'CRAFT_DB_PASSWORD' => '••'
    'CRAFT_DB_SCHEMA' => 'public'
    'CRAFT_DB_TABLE_PREFIX' => ''
    'S3_ACCESS_KEY_ID' => '••••••••••••••••••••'
    'S3_SECRET_ACCESS_KEY' => '••••••••••••••••••••••••••••••••••••••••'
    'S3_BUCKET_NAME' => 'brianhanson.net-craftcms-assets'
    'S3_REGION' => 'us-east-1'
    'CLOUDFRONT_DISTRIBUTION_ID' => 'E26RYSF70I2V0I'
    'CLOUDFRONT_URL' => 'https://assets.brianhanson.net'
    'PRIMARY_SITE_URL' => 'https://brianhanson.ddev.site'
    'MAILHOG_SMTP_HOSTNAME' => '127.0.0.1'
    'CRAFT_WEB_URL' => 'https://brianhanson.ddev.site'
    'CRAFT_WEB_ROOT' => '/var/www/html/app/web'
    'MAILHOG_SMTP_PORT' => '1025'
]  
