2023-10-18 16:32:05 [web.INFO] [yii\db\Connection::open] Opening DB connection: mysql:host=db;dbname=db;port=3306 {"memory":2752696} 
2023-10-18 16:32:05 [web.INFO] [application] Request context:
$_GET = []

$_POST = []

$_FILES = []

$_COOKIE = []

$_SERVER = [
    'DEPLOY_NAME' => 'local'
    'DDEV_WEBSERVER_TYPE' => 'nginx-fpm'
    'npm_config_cache' => '/mnt/ddev-global-cache/npm'
    'IS_DDEV_PROJECT' => 'true'
    'PHP_DEFAULT_VERSION' => '8.0'
    'HOSTNAME' => 'brianhanson-web'
    'MH_SMTP_BIND_ADDR' => '127.0.0.1:1025'
    'SSH_AUTH_SOCK' => '/home/.ssh-agent/socket'
    'NODE_EXTRA_CA_CERTS' => '/mnt/ddev-global-cache/mkcert/rootCA.pem'
    'DOCKER_IP' => '127.0.0.1'
    'PGPASSWORD' => 'db'
    'DRUSH_ALLOW_XDEBUG' => '1'
    'MYSQL_PWD' => 'db'
    'DDEV_DOCROOT' => 'app/web'
    'PWD' => '/var/www/html'
    'PLATFORMSH_CLI_UPDATES_CHECK' => '0'
    'DDEV_FILES_DIR' => ''
    'APACHE_SITE_TEMPLATE' => '/etc/apache2/apache-site.conf'
    'PHP_INI' => '/etc/php/8.0/fpm/php.ini'
    'GOARCH' => 'arm64'
    'DDEV_VERSION' => 'v1.22.0'
    'TZ' => ''
    'HTTPS_EXPOSE' => '443:80,8026:8025'
    'DDEV_PRIMARY_URL' => 'https://brianhanson.ddev.site'
    'LINES' => '21'
    'DDEV_SITENAME' => 'brianhanson'
    'HOME' => '/home/brianhanson'
    'DRUSH_OPTIONS_URI' => 'https://brianhanson.ddev.site'
    'LANG' => 'C.UTF-8'
    'COLUMNS' => '188'
    'DDEV_MUTAGEN_ENABLED' => 'true'
    'PGUSER' => 'db'
    'TERMINUS_CACHE_DIR' => '/mnt/ddev-global-cache/terminus/cache'
    'DDEV_ROUTER_HTTP_PORT' => '80'
    'COMPOSER_PROCESS_TIMEOUT' => '2000'
    'CRAFT_CMD_ROOT' => './app'
    'NGINX_SITE_TEMPLATE' => '/etc/nginx/nginx-site.conf'
    'DDEV_FILES_DIRS' => ''
    'HTTP_EXPOSE' => '80:80,8025:8025'
    'NVM_DIR' => '/home/brianhanson/.nvm'
    'DDEV_PHP_VERSION' => '8.0'
    'DDEV_TLD' => 'ddev.site'
    'DDEV_HOSTNAME' => 'brianhanson.ddev.site'
    'DDEV_PROJECT' => 'brianhanson'
    'VIRTUAL_HOST' => 'brianhanson.ddev.site'
    'TERM' => 'xterm'
    'USER' => 'brianhanson'
    'MYSQL_HISTFILE' => '/mnt/ddev-global-cache/mysqlhistory/brianhanson-web/mysql_history'
    'DDEV_WEB_ENTRYPOINT' => '/mnt/ddev_config/web-entrypoint.d'
    'CAROOT' => '/mnt/ddev-global-cache/mkcert'
    'SHLVL' => '1'
    'COMPOSER_ALLOW_SUPERUSER' => '1'
    'BASH_ENV' => '/etc/bash.nointeractive.bashrc'
    'DDEV_DATABASE' => 'mariadb:10.4'
    'PGDATABASE' => 'db'
    'XHPROF_OUTPUT_DIR' => '/tmp/xhprof'
    'COMPOSER_CACHE_DIR' => '/mnt/ddev-global-cache/composer'
    'DDEV_XDEBUG_ENABLED' => 'false'
    'DDEV_DATABASE_FAMILY' => 'mysql'
    'PGHOST' => 'db'
    'DDEV_COMPOSER_ROOT' => '/var/www/html/app'
    'DOCROOT' => 'app/web'
    'TERMINUS_HIDE_UPDATE_MESSAGE' => '1'
    'PATH' => '~/bin:~/bin:/usr/local/sbin:/usr/local/bin:/usr/sbin:/usr/bin:/sbin:/bin:/var/www/html/vendor/bin:/var/www/html/bin:/var/www/html/app/vendor/bin:/var/www/html/vendor/bin:/var/www/html/bin:/var/www/html/app/vendor/bin'
    'HOST_DOCKER_INTERNAL_IP' => ''
    'DDEV_PROJECT_TYPE' => 'craftcms'
    'DEBIAN_FRONTEND' => 'noninteractive'
    'DDEV_ROUTER_HTTPS_PORT' => '443'
    'GOOS' => 'darwin'
    'SUPERVISOR_ENABLED' => '1'
    'SUPERVISOR_SERVER_URL' => 'unix:///var/run/supervisor.sock'
    'SUPERVISOR_PROCESS_NAME' => 'php-fpm'
    'SUPERVISOR_GROUP_NAME' => 'php-fpm'
    'HTTP_ACCEPT_LANGUAGE' => 'en-US,en;q=0.9'
    'HTTP_ACCEPT_ENCODING' => 'gzip, deflate, br'
    'HTTP_SEC_FETCH_DEST' => 'document'
    'HTTP_SEC_FETCH_USER' => '?1'
    'HTTP_SEC_FETCH_MODE' => 'navigate'
    'HTTP_SEC_FETCH_SITE' => 'none'
    'HTTP_ACCEPT' => 'text/html,application/xhtml+xml,application/xml;q=0.9,image/avif,image/webp,image/apng,*/*;q=0.8,application/signed-exchange;v=b3;q=0.7'
    'HTTP_USER_AGENT' => 'Mozilla/5.0 (Macintosh; Intel Mac OS X 10_15_7) AppleWebKit/537.36 (KHTML, like Gecko) Chrome/117.0.0.0 Safari/537.36'
    'HTTP_UPGRADE_INSECURE_REQUESTS' => '1'
    'HTTP_DNT' => '1'
    'HTTP_SEC_CH_UA_PLATFORM' => '\"macOS\"'
    'HTTP_SEC_CH_UA_MOBILE' => '?0'
    'HTTP_SEC_CH_UA' => '\"Google Chrome\";v=\"117\", \"Not;A=Brand\";v=\"8\", \"Chromium\";v=\"117\"'
    'HTTP_CONNECTION' => 'keep-alive'
    'HTTP_HOST' => '127.0.0.1:32831'
    'REDIRECT_STATUS' => '200'
    'SERVER_NAME' => '127.0.0.1'
    'SERVER_PORT' => '443'
    'SERVER_ADDR' => '192.168.186.2'
    'REMOTE_PORT' => '57962'
    'REMOTE_ADDR' => '192.168.186.1'
    'SERVER_SOFTWARE' => 'nginx/1.24.0'
    'GATEWAY_INTERFACE' => 'CGI/1.1'
    'HTTPS' => 'off'
    'REQUEST_SCHEME' => 'https'
    'SERVER_PROTOCOL' => 'HTTP/1.1'
    'DOCUMENT_ROOT' => '/var/www/html/app/web'
    'DOCUMENT_URI' => '/index.php'
    'REQUEST_URI' => '/'
    'CONTENT_LENGTH' => ''
    'CONTENT_TYPE' => ''
    'REQUEST_METHOD' => 'GET'
    'QUERY_STRING' => ''
    'SCRIPT_NAME' => '/index.php'
    'SCRIPT_FILENAME' => '/var/www/html/app/web/index.php'
    'FCGI_ROLE' => 'RESPONDER'
    'PHP_SELF' => '/index.php'
    'REQUEST_TIME_FLOAT' => 1697646725.4917
    'REQUEST_TIME' => 1697646725
    'CRAFT_APP_ID' => ''
    'CRAFT_ENVIRONMENT' => 'dev'
    'CRAFT_SECURITY_KEY' => '••••••••••••••••••••••••••••••••'
    'CRAFT_DB_DRIVER' => 'mysql'
    'CRAFT_DB_SERVER' => 'db'
    'CRAFT_DB_PORT' => '3306'
    'CRAFT_DB_DATABASE' => 'db'
    'CRAFT_DB_USER' => 'db'
    'CRAFT_DB_PASSWORD' => '••'
    'CRAFT_DB_SCHEMA' => 'public'
    'CRAFT_DB_TABLE_PREFIX' => ''
    'S3_ACCESS_KEY_ID' => '••••••••••••••••••••'
    'S3_SECRET_ACCESS_KEY' => '••••••••••••••••••••••••••••••••••••••••'
    'S3_BUCKET_NAME' => 'brianhanson.net-craftcms-assets'
    'S3_REGION' => 'us-east-1'
    'CLOUDFRONT_DISTRIBUTION_ID' => 'E26RYSF70I2V0I'
    'CLOUDFRONT_URL' => 'https://assets.brianhanson.net'
    'PRIMARY_SITE_URL' => 'https://brianhanson.ddev.site'
    'MAILHOG_SMTP_HOSTNAME' => '127.0.0.1'
    'CRAFT_WEB_URL' => 'https://brianhanson.ddev.site'
    'CRAFT_WEB_ROOT' => '/var/www/html/app/web'
    'MAILHOG_SMTP_PORT' => '1025'
]  
2023-10-18 21:39:14 [web.INFO] [yii\db\Connection::open] Opening DB connection: mysql:host=db;dbname=db;port=3306 {"memory":2693344} 
2023-10-18 21:39:14 [web.INFO] [application] Request context:
$_GET = []

$_POST = []

$_FILES = []

$_COOKIE = [
    '1031b8c41dfff97a311a7ac99863bdc5_username' => 'd99bf062e40bc6f078eaba225479aa4b252f4f0f1e089fae7af4565e3d2c71e3a:2:{i:0;s:41:\"1031b8c41dfff97a311a7ac99863bdc5_username\";i:1;s:5:\"brian\";}'
]

$_SERVER = [
    'DEPLOY_NAME' => 'local'
    'DDEV_WEBSERVER_TYPE' => 'nginx-fpm'
    'npm_config_cache' => '/mnt/ddev-global-cache/npm'
    'IS_DDEV_PROJECT' => 'true'
    'PHP_DEFAULT_VERSION' => '8.0'
    'HOSTNAME' => 'brianhanson-web'
    'MH_SMTP_BIND_ADDR' => '127.0.0.1:1025'
    'SSH_AUTH_SOCK' => '/home/.ssh-agent/socket'
    'NODE_EXTRA_CA_CERTS' => '/mnt/ddev-global-cache/mkcert/rootCA.pem'
    'DOCKER_IP' => '127.0.0.1'
    'PGPASSWORD' => '••'
    'DRUSH_ALLOW_XDEBUG' => '1'
    'MYSQL_PWD' => '••'
    'DDEV_DOCROOT' => 'app/web'
    'PWD' => '•••••••••••••'
    'PLATFORMSH_CLI_UPDATES_CHECK' => '0'
    'DDEV_FILES_DIR' => ''
    'APACHE_SITE_TEMPLATE' => '/etc/apache2/apache-site.conf'
    'PHP_INI' => '/etc/php/8.0/fpm/php.ini'
    'GOARCH' => 'arm64'
    'DDEV_VERSION' => 'v1.22.0'
    'TZ' => ''
    'HTTPS_EXPOSE' => '443:80,8026:8025'
    'DDEV_PRIMARY_URL' => 'https://brianhanson.ddev.site'
    'LINES' => '16'
    'DDEV_SITENAME' => 'brianhanson'
    'HOME' => '/home/brianhanson'
    'DRUSH_OPTIONS_URI' => 'https://brianhanson.ddev.site'
    'LANG' => 'C.UTF-8'
    'COLUMNS' => '212'
    'DDEV_MUTAGEN_ENABLED' => 'true'
    'PGUSER' => 'db'
    'TERMINUS_CACHE_DIR' => '/mnt/ddev-global-cache/terminus/cache'
    'DDEV_ROUTER_HTTP_PORT' => '80'
    'COMPOSER_PROCESS_TIMEOUT' => '2000'
    'CRAFT_CMD_ROOT' => './app'
    'NGINX_SITE_TEMPLATE' => '/etc/nginx/nginx-site.conf'
    'DDEV_FILES_DIRS' => ''
    'HTTP_EXPOSE' => '80:80,8025:8025'
    'NVM_DIR' => '/home/brianhanson/.nvm'
    'DDEV_PHP_VERSION' => '8.0'
    'DDEV_TLD' => 'ddev.site'
    'DDEV_HOSTNAME' => 'brianhanson.ddev.site'
    'DDEV_PROJECT' => 'brianhanson'
    'VIRTUAL_HOST' => 'brianhanson.ddev.site'
    'TERM' => 'xterm'
    'USER' => 'brianhanson'
    'MYSQL_HISTFILE' => '/mnt/ddev-global-cache/mysqlhistory/brianhanson-web/mysql_history'
    'DDEV_WEB_ENTRYPOINT' => '/mnt/ddev_config/web-entrypoint.d'
    'CAROOT' => '/mnt/ddev-global-cache/mkcert'
    'SHLVL' => '1'
    'COMPOSER_ALLOW_SUPERUSER' => '1'
    'BASH_ENV' => '/etc/bash.nointeractive.bashrc'
    'DDEV_DATABASE' => 'mariadb:10.4'
    'PGDATABASE' => 'db'
    'XHPROF_OUTPUT_DIR' => '/tmp/xhprof'
    'COMPOSER_CACHE_DIR' => '/mnt/ddev-global-cache/composer'
    'DDEV_XDEBUG_ENABLED' => 'false'
    'DDEV_DATABASE_FAMILY' => 'mysql'
    'PGHOST' => 'db'
    'DDEV_COMPOSER_ROOT' => '/var/www/html/app'
    'DOCROOT' => 'app/web'
    'TERMINUS_HIDE_UPDATE_MESSAGE' => '1'
    'PATH' => '~/bin:~/bin:/usr/local/sbin:/usr/local/bin:/usr/sbin:/usr/bin:/sbin:/bin:/var/www/html/vendor/bin:/var/www/html/bin:/var/www/html/app/vendor/bin:/var/www/html/vendor/bin:/var/www/html/bin:/var/www/html/app/vendor/bin'
    'HOST_DOCKER_INTERNAL_IP' => ''
    'DDEV_PROJECT_TYPE' => 'craftcms'
    'DEBIAN_FRONTEND' => 'noninteractive'
    'DDEV_ROUTER_HTTPS_PORT' => '443'
    'GOOS' => 'darwin'
    'SUPERVISOR_ENABLED' => '1'
    'SUPERVISOR_SERVER_URL' => 'unix:///var/run/supervisor.sock'
    'SUPERVISOR_PROCESS_NAME' => 'php-fpm'
    'SUPERVISOR_GROUP_NAME' => 'php-fpm'
    'HTTP_X_REAL_IP' => '192.168.228.1'
    'HTTP_X_FORWARDED_SERVER' => '9164ab9fc68b'
    'HTTP_X_FORWARDED_PROTO' => 'https'
    'HTTP_X_FORWARDED_PORT' => '443'
    'HTTP_X_FORWARDED_HOST' => 'brianhanson.ddev.site'
    'HTTP_X_FORWARDED_FOR' => '192.168.228.1'
    'HTTP_UPGRADE_INSECURE_REQUESTS' => '1'
    'HTTP_SEC_FETCH_USER' => '?1'
    'HTTP_SEC_FETCH_SITE' => 'none'
    'HTTP_SEC_FETCH_MODE' => 'navigate'
    'HTTP_SEC_FETCH_DEST' => 'document'
    'HTTP_SEC_CH_UA_PLATFORM' => '\"macOS\"'
    'HTTP_SEC_CH_UA_MOBILE' => '?0'
    'HTTP_SEC_CH_UA' => '\"Google Chrome\";v=\"117\", \"Not;A=Brand\";v=\"8\", \"Chromium\";v=\"117\"'
    'HTTP_DNT' => '1'
    'HTTP_COOKIE' => '1031b8c41dfff97a311a7ac99863bdc5_username=d99bf062e40bc6f078eaba225479aa4b252f4f0f1e089fae7af4565e3d2c71e3a%3A2%3A%7Bi%3A0%3Bs%3A41%3A%221031b8c41dfff97a311a7ac99863bdc5_username%22%3Bi%3A1%3Bs%3A5%3A%22brian%22%3B%7D'
    'HTTP_ACCEPT_LANGUAGE' => 'en-US,en;q=0.9'
    'HTTP_ACCEPT_ENCODING' => 'gzip, deflate, br'
    'HTTP_ACCEPT' => 'text/html,application/xhtml+xml,application/xml;q=0.9,image/avif,image/webp,image/apng,*/*;q=0.8,application/signed-exchange;v=b3;q=0.7'
    'HTTP_USER_AGENT' => 'Mozilla/5.0 (Macintosh; Intel Mac OS X 10_15_7) AppleWebKit/537.36 (KHTML, like Gecko) Chrome/117.0.0.0 Safari/537.36'
    'HTTP_HOST' => 'brianhanson.ddev.site'
    'HTTPS' => 'on'
    'REDIRECT_STATUS' => '200'
    'SERVER_NAME' => 'brianhanson.ddev.site'
    'SERVER_PORT' => '80'
    'SERVER_ADDR' => '192.168.228.4'
    'REMOTE_PORT' => '52148'
    'REMOTE_ADDR' => '192.168.228.6'
    'SERVER_SOFTWARE' => 'nginx/1.24.0'
    'GATEWAY_INTERFACE' => 'CGI/1.1'
    'REQUEST_SCHEME' => 'http'
    'SERVER_PROTOCOL' => 'HTTP/1.1'
    'DOCUMENT_ROOT' => '/var/www/html/app/web'
    'DOCUMENT_URI' => '/index.php'
    'REQUEST_URI' => '/'
    'CONTENT_LENGTH' => ''
    'CONTENT_TYPE' => ''
    'REQUEST_METHOD' => 'GET'
    'QUERY_STRING' => ''
    'SCRIPT_NAME' => '/index.php'
    'SCRIPT_FILENAME' => '/var/www/html/app/web/index.php'
    'FCGI_ROLE' => 'RESPONDER'
    'PHP_SELF' => '/index.php'
    'REQUEST_TIME_FLOAT' => 1697665154.0026
    'REQUEST_TIME' => 1697665154
    'CRAFT_APP_ID' => ''
    'CRAFT_ENVIRONMENT' => 'dev'
    'CRAFT_SECURITY_KEY' => '••••••••••••••••••••••••••••••••'
    'CRAFT_DB_DRIVER' => 'mysql'
    'CRAFT_DB_SERVER' => 'db'
    'CRAFT_DB_PORT' => '3306'
    'CRAFT_DB_DATABASE' => 'db'
    'CRAFT_DB_USER' => 'db'
    'CRAFT_DB_PASSWORD' => '••'
    'CRAFT_DB_SCHEMA' => 'public'
    'CRAFT_DB_TABLE_PREFIX' => ''
    'S3_ACCESS_KEY_ID' => '••••••••••••••••••••'
    'S3_SECRET_ACCESS_KEY' => '••••••••••••••••••••••••••••••••••••••••'
    'S3_BUCKET_NAME' => 'brianhanson.net-craftcms-assets'
    'S3_REGION' => 'us-east-1'
    'CLOUDFRONT_DISTRIBUTION_ID' => 'E26RYSF70I2V0I'
    'CLOUDFRONT_URL' => 'https://assets.brianhanson.net'
    'PRIMARY_SITE_URL' => 'https://brianhanson.ddev.site'
    'MAILHOG_SMTP_HOSTNAME' => '127.0.0.1'
    'CRAFT_WEB_URL' => 'https://brianhanson.ddev.site'
    'CRAFT_WEB_ROOT' => '/var/www/html/app/web'
    'MAILHOG_SMTP_PORT' => '1025'
]  
2023-10-18 21:39:41 [web.INFO] [yii\db\Connection::open] Opening DB connection: mysql:host=db;dbname=db;port=3306 {"memory":1824672} 
2023-10-18 21:39:41 [web.INFO] [application] Request context:
$_GET = []

$_POST = []

$_FILES = []

$_COOKIE = [
    '1031b8c41dfff97a311a7ac99863bdc5_username' => 'd99bf062e40bc6f078eaba225479aa4b252f4f0f1e089fae7af4565e3d2c71e3a:2:{i:0;s:41:\"1031b8c41dfff97a311a7ac99863bdc5_username\";i:1;s:5:\"brian\";}'
]

$_SERVER = [
    'DEPLOY_NAME' => 'local'
    'DDEV_WEBSERVER_TYPE' => 'nginx-fpm'
    'npm_config_cache' => '/mnt/ddev-global-cache/npm'
    'IS_DDEV_PROJECT' => 'true'
    'PHP_DEFAULT_VERSION' => '8.0'
    'HOSTNAME' => 'brianhanson-web'
    'MH_SMTP_BIND_ADDR' => '127.0.0.1:1025'
    'SSH_AUTH_SOCK' => '/home/.ssh-agent/socket'
    'NODE_EXTRA_CA_CERTS' => '/mnt/ddev-global-cache/mkcert/rootCA.pem'
    'DOCKER_IP' => '127.0.0.1'
    'PGPASSWORD' => '••'
    'DRUSH_ALLOW_XDEBUG' => '1'
    'MYSQL_PWD' => '••'
    'DDEV_DOCROOT' => 'app/web'
    'PWD' => '•••••••••••••'
    'PLATFORMSH_CLI_UPDATES_CHECK' => '0'
    'DDEV_FILES_DIR' => ''
    'APACHE_SITE_TEMPLATE' => '/etc/apache2/apache-site.conf'
    'PHP_INI' => '/etc/php/8.0/fpm/php.ini'
    'GOARCH' => 'arm64'
    'DDEV_VERSION' => 'v1.22.0'
    'TZ' => ''
    'HTTPS_EXPOSE' => '443:80,8026:8025'
    'DDEV_PRIMARY_URL' => 'https://brianhanson.ddev.site'
    'LINES' => '16'
    'DDEV_SITENAME' => 'brianhanson'
    'HOME' => '/home/brianhanson'
    'DRUSH_OPTIONS_URI' => 'https://brianhanson.ddev.site'
    'LANG' => 'C.UTF-8'
    'COLUMNS' => '212'
    'DDEV_MUTAGEN_ENABLED' => 'true'
    'PGUSER' => 'db'
    'TERMINUS_CACHE_DIR' => '/mnt/ddev-global-cache/terminus/cache'
    'DDEV_ROUTER_HTTP_PORT' => '80'
    'COMPOSER_PROCESS_TIMEOUT' => '2000'
    'CRAFT_CMD_ROOT' => './app'
    'NGINX_SITE_TEMPLATE' => '/etc/nginx/nginx-site.conf'
    'DDEV_FILES_DIRS' => ''
    'HTTP_EXPOSE' => '80:80,8025:8025'
    'NVM_DIR' => '/home/brianhanson/.nvm'
    'DDEV_PHP_VERSION' => '8.0'
    'DDEV_TLD' => 'ddev.site'
    'DDEV_HOSTNAME' => 'brianhanson.ddev.site'
    'DDEV_PROJECT' => 'brianhanson'
    'VIRTUAL_HOST' => 'brianhanson.ddev.site'
    'TERM' => 'xterm'
    'USER' => 'brianhanson'
    'MYSQL_HISTFILE' => '/mnt/ddev-global-cache/mysqlhistory/brianhanson-web/mysql_history'
    'DDEV_WEB_ENTRYPOINT' => '/mnt/ddev_config/web-entrypoint.d'
    'CAROOT' => '/mnt/ddev-global-cache/mkcert'
    'SHLVL' => '1'
    'COMPOSER_ALLOW_SUPERUSER' => '1'
    'BASH_ENV' => '/etc/bash.nointeractive.bashrc'
    'DDEV_DATABASE' => 'mariadb:10.4'
    'PGDATABASE' => 'db'
    'XHPROF_OUTPUT_DIR' => '/tmp/xhprof'
    'COMPOSER_CACHE_DIR' => '/mnt/ddev-global-cache/composer'
    'DDEV_XDEBUG_ENABLED' => 'false'
    'DDEV_DATABASE_FAMILY' => 'mysql'
    'PGHOST' => 'db'
    'DDEV_COMPOSER_ROOT' => '/var/www/html/app'
    'DOCROOT' => 'app/web'
    'TERMINUS_HIDE_UPDATE_MESSAGE' => '1'
    'PATH' => '~/bin:~/bin:/usr/local/sbin:/usr/local/bin:/usr/sbin:/usr/bin:/sbin:/bin:/var/www/html/vendor/bin:/var/www/html/bin:/var/www/html/app/vendor/bin:/var/www/html/vendor/bin:/var/www/html/bin:/var/www/html/app/vendor/bin'
    'HOST_DOCKER_INTERNAL_IP' => ''
    'DDEV_PROJECT_TYPE' => 'craftcms'
    'DEBIAN_FRONTEND' => 'noninteractive'
    'DDEV_ROUTER_HTTPS_PORT' => '443'
    'GOOS' => 'darwin'
    'SUPERVISOR_ENABLED' => '1'
    'SUPERVISOR_SERVER_URL' => 'unix:///var/run/supervisor.sock'
    'SUPERVISOR_PROCESS_NAME' => 'php-fpm'
    'SUPERVISOR_GROUP_NAME' => 'php-fpm'
    'HTTP_X_REAL_IP' => '192.168.228.1'
    'HTTP_X_FORWARDED_SERVER' => '9164ab9fc68b'
    'HTTP_X_FORWARDED_PROTO' => 'https'
    'HTTP_X_FORWARDED_PORT' => '443'
    'HTTP_X_FORWARDED_HOST' => 'brianhanson.ddev.site'
    'HTTP_X_FORWARDED_FOR' => '192.168.228.1'
    'HTTP_UPGRADE_INSECURE_REQUESTS' => '1'
    'HTTP_SEC_FETCH_USER' => '?1'
    'HTTP_SEC_FETCH_SITE' => 'none'
    'HTTP_SEC_FETCH_MODE' => 'navigate'
    'HTTP_SEC_FETCH_DEST' => 'document'
    'HTTP_SEC_CH_UA_PLATFORM' => '\"macOS\"'
    'HTTP_SEC_CH_UA_MOBILE' => '?0'
    'HTTP_SEC_CH_UA' => '\"Google Chrome\";v=\"117\", \"Not;A=Brand\";v=\"8\", \"Chromium\";v=\"117\"'
    'HTTP_DNT' => '1'
    'HTTP_COOKIE' => '1031b8c41dfff97a311a7ac99863bdc5_username=d99bf062e40bc6f078eaba225479aa4b252f4f0f1e089fae7af4565e3d2c71e3a%3A2%3A%7Bi%3A0%3Bs%3A41%3A%221031b8c41dfff97a311a7ac99863bdc5_username%22%3Bi%3A1%3Bs%3A5%3A%22brian%22%3B%7D'
    'HTTP_CACHE_CONTROL' => 'max-age=0'
    'HTTP_ACCEPT_LANGUAGE' => 'en-US,en;q=0.9'
    'HTTP_ACCEPT_ENCODING' => 'gzip, deflate, br'
    'HTTP_ACCEPT' => 'text/html,application/xhtml+xml,application/xml;q=0.9,image/avif,image/webp,image/apng,*/*;q=0.8,application/signed-exchange;v=b3;q=0.7'
    'HTTP_USER_AGENT' => 'Mozilla/5.0 (Macintosh; Intel Mac OS X 10_15_7) AppleWebKit/537.36 (KHTML, like Gecko) Chrome/117.0.0.0 Safari/537.36'
    'HTTP_HOST' => 'brianhanson.ddev.site'
    'HTTPS' => 'on'
    'REDIRECT_STATUS' => '200'
    'SERVER_NAME' => 'brianhanson.ddev.site'
    'SERVER_PORT' => '80'
    'SERVER_ADDR' => '192.168.228.4'
    'REMOTE_PORT' => '54884'
    'REMOTE_ADDR' => '192.168.228.6'
    'SERVER_SOFTWARE' => 'nginx/1.24.0'
    'GATEWAY_INTERFACE' => 'CGI/1.1'
    'REQUEST_SCHEME' => 'http'
    'SERVER_PROTOCOL' => 'HTTP/1.1'
    'DOCUMENT_ROOT' => '/var/www/html/app/web'
    'DOCUMENT_URI' => '/index.php'
    'REQUEST_URI' => '/'
    'CONTENT_LENGTH' => ''
    'CONTENT_TYPE' => ''
    'REQUEST_METHOD' => 'GET'
    'QUERY_STRING' => ''
    'SCRIPT_NAME' => '/index.php'
    'SCRIPT_FILENAME' => '/var/www/html/app/web/index.php'
    'FCGI_ROLE' => 'RESPONDER'
    'PHP_SELF' => '/index.php'
    'REQUEST_TIME_FLOAT' => 1697665181.5769
    'REQUEST_TIME' => 1697665181
    'CRAFT_APP_ID' => ''
    'CRAFT_ENVIRONMENT' => 'dev'
    'CRAFT_SECURITY_KEY' => '••••••••••••••••••••••••••••••••'
    'CRAFT_DB_DRIVER' => 'mysql'
    'CRAFT_DB_SERVER' => 'db'
    'CRAFT_DB_PORT' => '3306'
    'CRAFT_DB_DATABASE' => 'db'
    'CRAFT_DB_USER' => 'db'
    'CRAFT_DB_PASSWORD' => '••'
    'CRAFT_DB_SCHEMA' => 'public'
    'CRAFT_DB_TABLE_PREFIX' => ''
    'S3_ACCESS_KEY_ID' => '••••••••••••••••••••'
    'S3_SECRET_ACCESS_KEY' => '••••••••••••••••••••••••••••••••••••••••'
    'S3_BUCKET_NAME' => 'brianhanson.net-craftcms-assets'
    'S3_REGION' => 'us-east-1'
    'CLOUDFRONT_DISTRIBUTION_ID' => 'E26RYSF70I2V0I'
    'CLOUDFRONT_URL' => 'https://assets.brianhanson.net'
    'PRIMARY_SITE_URL' => 'https://brianhanson.ddev.site'
    'MAILHOG_SMTP_HOSTNAME' => '127.0.0.1'
    'CRAFT_WEB_URL' => 'https://brianhanson.ddev.site'
    'CRAFT_WEB_ROOT' => '/var/www/html/app/web'
    'MAILHOG_SMTP_PORT' => '1025'
]  
2023-10-18 21:40:09 [web.INFO] [yii\db\Connection::open] Opening DB connection: mysql:host=db;dbname=db;port=3306 {"memory":1824672} 
2023-10-18 21:40:09 [web.INFO] [application] Request context:
$_GET = []

$_POST = []

$_FILES = []

$_COOKIE = [
    '1031b8c41dfff97a311a7ac99863bdc5_username' => 'd99bf062e40bc6f078eaba225479aa4b252f4f0f1e089fae7af4565e3d2c71e3a:2:{i:0;s:41:\"1031b8c41dfff97a311a7ac99863bdc5_username\";i:1;s:5:\"brian\";}'
]

$_SERVER = [
    'DEPLOY_NAME' => 'local'
    'DDEV_WEBSERVER_TYPE' => 'nginx-fpm'
    'npm_config_cache' => '/mnt/ddev-global-cache/npm'
    'IS_DDEV_PROJECT' => 'true'
    'PHP_DEFAULT_VERSION' => '8.0'
    'HOSTNAME' => 'brianhanson-web'
    'MH_SMTP_BIND_ADDR' => '127.0.0.1:1025'
    'SSH_AUTH_SOCK' => '/home/.ssh-agent/socket'
    'NODE_EXTRA_CA_CERTS' => '/mnt/ddev-global-cache/mkcert/rootCA.pem'
    'DOCKER_IP' => '127.0.0.1'
    'PGPASSWORD' => '••'
    'DRUSH_ALLOW_XDEBUG' => '1'
    'MYSQL_PWD' => '••'
    'DDEV_DOCROOT' => 'app/web'
    'PWD' => '•••••••••••••'
    'PLATFORMSH_CLI_UPDATES_CHECK' => '0'
    'DDEV_FILES_DIR' => ''
    'APACHE_SITE_TEMPLATE' => '/etc/apache2/apache-site.conf'
    'PHP_INI' => '/etc/php/8.0/fpm/php.ini'
    'GOARCH' => 'arm64'
    'DDEV_VERSION' => 'v1.22.0'
    'TZ' => ''
    'HTTPS_EXPOSE' => '443:80,8026:8025'
    'DDEV_PRIMARY_URL' => 'https://brianhanson.ddev.site'
    'LINES' => '16'
    'DDEV_SITENAME' => 'brianhanson'
    'HOME' => '/home/brianhanson'
    'DRUSH_OPTIONS_URI' => 'https://brianhanson.ddev.site'
    'LANG' => 'C.UTF-8'
    'COLUMNS' => '212'
    'DDEV_MUTAGEN_ENABLED' => 'true'
    'PGUSER' => 'db'
    'TERMINUS_CACHE_DIR' => '/mnt/ddev-global-cache/terminus/cache'
    'DDEV_ROUTER_HTTP_PORT' => '80'
    'COMPOSER_PROCESS_TIMEOUT' => '2000'
    'CRAFT_CMD_ROOT' => './app'
    'NGINX_SITE_TEMPLATE' => '/etc/nginx/nginx-site.conf'
    'DDEV_FILES_DIRS' => ''
    'HTTP_EXPOSE' => '80:80,8025:8025'
    'NVM_DIR' => '/home/brianhanson/.nvm'
    'DDEV_PHP_VERSION' => '8.0'
    'DDEV_TLD' => 'ddev.site'
    'DDEV_HOSTNAME' => 'brianhanson.ddev.site'
    'DDEV_PROJECT' => 'brianhanson'
    'VIRTUAL_HOST' => 'brianhanson.ddev.site'
    'TERM' => 'xterm'
    'USER' => 'brianhanson'
    'MYSQL_HISTFILE' => '/mnt/ddev-global-cache/mysqlhistory/brianhanson-web/mysql_history'
    'DDEV_WEB_ENTRYPOINT' => '/mnt/ddev_config/web-entrypoint.d'
    'CAROOT' => '/mnt/ddev-global-cache/mkcert'
    'SHLVL' => '1'
    'COMPOSER_ALLOW_SUPERUSER' => '1'
    'BASH_ENV' => '/etc/bash.nointeractive.bashrc'
    'DDEV_DATABASE' => 'mariadb:10.4'
    'PGDATABASE' => 'db'
    'XHPROF_OUTPUT_DIR' => '/tmp/xhprof'
    'COMPOSER_CACHE_DIR' => '/mnt/ddev-global-cache/composer'
    'DDEV_XDEBUG_ENABLED' => 'false'
    'DDEV_DATABASE_FAMILY' => 'mysql'
    'PGHOST' => 'db'
    'DDEV_COMPOSER_ROOT' => '/var/www/html/app'
    'DOCROOT' => 'app/web'
    'TERMINUS_HIDE_UPDATE_MESSAGE' => '1'
    'PATH' => '~/bin:~/bin:/usr/local/sbin:/usr/local/bin:/usr/sbin:/usr/bin:/sbin:/bin:/var/www/html/vendor/bin:/var/www/html/bin:/var/www/html/app/vendor/bin:/var/www/html/vendor/bin:/var/www/html/bin:/var/www/html/app/vendor/bin'
    'HOST_DOCKER_INTERNAL_IP' => ''
    'DDEV_PROJECT_TYPE' => 'craftcms'
    'DEBIAN_FRONTEND' => 'noninteractive'
    'DDEV_ROUTER_HTTPS_PORT' => '443'
    'GOOS' => 'darwin'
    'SUPERVISOR_ENABLED' => '1'
    'SUPERVISOR_SERVER_URL' => 'unix:///var/run/supervisor.sock'
    'SUPERVISOR_PROCESS_NAME' => 'php-fpm'
    'SUPERVISOR_GROUP_NAME' => 'php-fpm'
    'HTTP_X_REAL_IP' => '192.168.228.1'
    'HTTP_X_FORWARDED_SERVER' => '9164ab9fc68b'
    'HTTP_X_FORWARDED_PROTO' => 'https'
    'HTTP_X_FORWARDED_PORT' => '443'
    'HTTP_X_FORWARDED_HOST' => 'brianhanson.ddev.site'
    'HTTP_X_FORWARDED_FOR' => '192.168.228.1'
    'HTTP_UPGRADE_INSECURE_REQUESTS' => '1'
    'HTTP_SEC_FETCH_USER' => '?1'
    'HTTP_SEC_FETCH_SITE' => 'none'
    'HTTP_SEC_FETCH_MODE' => 'navigate'
    'HTTP_SEC_FETCH_DEST' => 'document'
    'HTTP_SEC_CH_UA_PLATFORM' => '\"macOS\"'
    'HTTP_SEC_CH_UA_MOBILE' => '?0'
    'HTTP_SEC_CH_UA' => '\"Google Chrome\";v=\"117\", \"Not;A=Brand\";v=\"8\", \"Chromium\";v=\"117\"'
    'HTTP_DNT' => '1'
    'HTTP_COOKIE' => '1031b8c41dfff97a311a7ac99863bdc5_username=d99bf062e40bc6f078eaba225479aa4b252f4f0f1e089fae7af4565e3d2c71e3a%3A2%3A%7Bi%3A0%3Bs%3A41%3A%221031b8c41dfff97a311a7ac99863bdc5_username%22%3Bi%3A1%3Bs%3A5%3A%22brian%22%3B%7D'
    'HTTP_CACHE_CONTROL' => 'max-age=0'
    'HTTP_ACCEPT_LANGUAGE' => 'en-US,en;q=0.9'
    'HTTP_ACCEPT_ENCODING' => 'gzip, deflate, br'
    'HTTP_ACCEPT' => 'text/html,application/xhtml+xml,application/xml;q=0.9,image/avif,image/webp,image/apng,*/*;q=0.8,application/signed-exchange;v=b3;q=0.7'
    'HTTP_USER_AGENT' => 'Mozilla/5.0 (Macintosh; Intel Mac OS X 10_15_7) AppleWebKit/537.36 (KHTML, like Gecko) Chrome/117.0.0.0 Safari/537.36'
    'HTTP_HOST' => 'brianhanson.ddev.site'
    'HTTPS' => 'on'
    'REDIRECT_STATUS' => '200'
    'SERVER_NAME' => 'brianhanson.ddev.site'
    'SERVER_PORT' => '80'
    'SERVER_ADDR' => '192.168.228.4'
    'REMOTE_PORT' => '36496'
    'REMOTE_ADDR' => '192.168.228.6'
    'SERVER_SOFTWARE' => 'nginx/1.24.0'
    'GATEWAY_INTERFACE' => 'CGI/1.1'
    'REQUEST_SCHEME' => 'http'
    'SERVER_PROTOCOL' => 'HTTP/1.1'
    'DOCUMENT_ROOT' => '/var/www/html/app/web'
    'DOCUMENT_URI' => '/index.php'
    'REQUEST_URI' => '/'
    'CONTENT_LENGTH' => ''
    'CONTENT_TYPE' => ''
    'REQUEST_METHOD' => 'GET'
    'QUERY_STRING' => ''
    'SCRIPT_NAME' => '/index.php'
    'SCRIPT_FILENAME' => '/var/www/html/app/web/index.php'
    'FCGI_ROLE' => 'RESPONDER'
    'PHP_SELF' => '/index.php'
    'REQUEST_TIME_FLOAT' => 1697665209.131
    'REQUEST_TIME' => 1697665209
    'CRAFT_APP_ID' => ''
    'CRAFT_ENVIRONMENT' => 'dev'
    'CRAFT_SECURITY_KEY' => '••••••••••••••••••••••••••••••••'
    'CRAFT_DB_DRIVER' => 'mysql'
    'CRAFT_DB_SERVER' => 'db'
    'CRAFT_DB_PORT' => '3306'
    'CRAFT_DB_DATABASE' => 'db'
    'CRAFT_DB_USER' => 'db'
    'CRAFT_DB_PASSWORD' => '••'
    'CRAFT_DB_SCHEMA' => 'public'
    'CRAFT_DB_TABLE_PREFIX' => ''
    'S3_ACCESS_KEY_ID' => '••••••••••••••••••••'
    'S3_SECRET_ACCESS_KEY' => '••••••••••••••••••••••••••••••••••••••••'
    'S3_BUCKET_NAME' => 'brianhanson.net-craftcms-assets'
    'S3_REGION' => 'us-east-1'
    'CLOUDFRONT_DISTRIBUTION_ID' => 'E26RYSF70I2V0I'
    'CLOUDFRONT_URL' => 'https://assets.brianhanson.net'
    'PRIMARY_SITE_URL' => 'https://brianhanson.ddev.site'
    'MAILHOG_SMTP_HOSTNAME' => '127.0.0.1'
    'CRAFT_WEB_URL' => 'https://brianhanson.ddev.site'
    'CRAFT_WEB_ROOT' => '/var/www/html/app/web'
    'MAILHOG_SMTP_PORT' => '1025'
]  
