2022-12-05 14:02:58 [web.INFO] [yii\db\Connection::open] Opening DB connection: mysql:host=db;dbname=db;port=3306 {"memory":1808056} 
2022-12-05 14:02:58 [web.INFO] [yii\web\Session::open] Session started {"memory":3084040} 
2022-12-05 14:02:58 [web.INFO] [application] Request context:
$_GET = []

$_POST = []

$_COOKIE = [
    'CRAFT_CSRF_TOKEN' => '••••••••••••••••••••••••••••••••••••••••••••••••••••••••••••••••••••••••••••••••••••••••••••••••••••••••••••••••••••••••••••••••••••••••••••••••••••••'
    'CraftSessionId' => '2cc67ab098feafb4eecde234e501c651'
    '__stripe_mid' => '5d3a9557-e2dc-47b0-a293-43aff3e5c20e0847e3'
    '1031b8c41dfff97a311a7ac99863bdc5_username' => 'd99bf062e40bc6f078eaba225479aa4b252f4f0f1e089fae7af4565e3d2c71e3a:2:{i:0;s:41:\"1031b8c41dfff97a311a7ac99863bdc5_username\";i:1;s:5:\"brian\";}'
    'RT' => '\"z=1&dm=ddev.site&si=oq4ocyre2xl&ss=lb8ic4ya&sl=9&tt=18b8&bcn=/webperf/metrics/beacon&ld=n6ey&ul=q8av&hd=q8bq\"'
]

$_FILES = []

$_SERVER = [
    'DEPLOY_NAME' => 'local'
    'DDEV_WEBSERVER_TYPE' => 'nginx-fpm'
    'npm_config_cache' => '/mnt/ddev-global-cache/npm'
    'IS_DDEV_PROJECT' => 'true'
    'PHP_DEFAULT_VERSION' => '8.0'
    'HOSTNAME' => 'brianhanson-web'
    'MH_SMTP_BIND_ADDR' => '127.0.0.1:1025'
    'SSH_AUTH_SOCK' => '/home/.ssh-agent/socket'
    'NODE_EXTRA_CA_CERTS' => '/mnt/ddev-global-cache/mkcert/rootCA.pem'
    'DOCKER_IP' => '127.0.0.1'
    'PGPASSWORD' => 'db'
    'DRUSH_ALLOW_XDEBUG' => '1'
    'MYSQL_PWD' => 'db'
    'DDEV_DOCROOT' => 'app/web'
    'PWD' => '/var/www/html'
    'DDEV_FILES_DIR' => '/var/www/html/app/web/files'
    'APACHE_SITE_TEMPLATE' => '/etc/apache2/apache-site.conf'
    'PHP_INI' => '/etc/php/8.0/fpm/php.ini'
    'GOARCH' => 'arm64'
    'DDEV_VERSION' => 'v1.21.3'
    'TZ' => ''
    'HTTPS_EXPOSE' => '443:80,8026:8025'
    'DDEV_PRIMARY_URL' => 'https://brianhanson.ddev.site'
    'LINES' => '53'
    'DDEV_SITENAME' => 'brianhanson'
    'HOME' => '/home/brianhanson'
    'DRUSH_OPTIONS_URI' => 'https://brianhanson.ddev.site'
    'LANG' => 'C.UTF-8'
    'COLUMNS' => '185'
    'PGUSER' => 'db'
    'TERMINUS_CACHE_DIR' => '/mnt/ddev-global-cache/terminus/cache'
    'DDEV_ROUTER_HTTP_PORT' => '80'
    'COMPOSER_PROCESS_TIMEOUT' => '2000'
    'CRAFT_CMD_ROOT' => './app'
    'NGINX_SITE_TEMPLATE' => '/etc/nginx/nginx-site.conf'
    'HTTP_EXPOSE' => '80:80,8025:8025'
    'NVM_DIR' => '/home/brianhanson/.nvm'
    'DDEV_PHP_VERSION' => '8.0'
    'DDEV_TLD' => 'ddev.site'
    'DDEV_HOSTNAME' => 'brianhanson.ddev.site'
    'DDEV_PROJECT' => 'brianhanson'
    'VIRTUAL_HOST' => 'brianhanson.ddev.site'
    'TERM' => 'xterm'
    'USER' => 'brianhanson'
    'MYSQL_HISTFILE' => '/mnt/ddev-global-cache/mysqlhistory/brianhanson-web/mysql_history'
    'CAROOT' => '/mnt/ddev-global-cache/mkcert'
    'SHLVL' => '0'
    'COMPOSER_ALLOW_SUPERUSER' => '1'
    'BASH_ENV' => '/etc/bash.nointeractive.bashrc'
    'DDEV_DATABASE' => 'mariadb:10.4'
    'PGDATABASE' => 'db'
    'XHPROF_OUTPUT_DIR' => '/tmp/xhprof'
    'COMPOSER_CACHE_DIR' => '/mnt/ddev-global-cache/composer'
    'DDEV_XDEBUG_ENABLED' => 'false'
    'PGHOST' => 'db'
    'DDEV_COMPOSER_ROOT' => '/var/www/html/app'
    'DOCROOT' => 'app/web'
    'PATH' => '~/bin:/usr/local/sbin:/usr/local/bin:/usr/sbin:/usr/bin:/sbin:/bin:/var/www/html/vendor/bin:/var/www/html/bin:/var/www/html/app/vendor/bin'
    'HOST_DOCKER_INTERNAL_IP' => ''
    'DEBIAN_FRONTEND' => 'noninteractive'
    'DDEV_PROJECT_TYPE' => 'craftcms'
    'DDEV_ROUTER_HTTPS_PORT' => '443'
    'GOOS' => 'darwin'
    'SUPERVISOR_ENABLED' => '1'
    'SUPERVISOR_SERVER_URL' => 'unix:///var/run/supervisor.sock'
    'SUPERVISOR_PROCESS_NAME' => 'php-fpm'
    'SUPERVISOR_GROUP_NAME' => 'php-fpm'
    'HTTP_COOKIE' => 'CRAFT_CSRF_TOKEN=fda95c3709ff1614166e0c75c0ef568614b9f7e2b6dec9ef28ca7cc5aacb6da0a%3A2%3A%7Bi%3A0%3Bs%3A16%3A%22CRAFT_CSRF_TOKEN%22%3Bi%3A1%3Bs%3A40%3A%22y8u0nxbD2o_xouoPiKlQUmQXmcv0I0zTM7_wJhT5%22%3B%7D; CraftSessionId=2cc67ab098feafb4eecde234e501c651; __stripe_mid=5d3a9557-e2dc-47b0-a293-43aff3e5c20e0847e3; 1031b8c41dfff97a311a7ac99863bdc5_username=d99bf062e40bc6f078eaba225479aa4b252f4f0f1e089fae7af4565e3d2c71e3a%3A2%3A%7Bi%3A0%3Bs%3A41%3A%221031b8c41dfff97a311a7ac99863bdc5_username%22%3Bi%3A1%3Bs%3A5%3A%22brian%22%3B%7D; RT=\"z=1&dm=ddev.site&si=oq4ocyre2xl&ss=lb8ic4ya&sl=9&tt=18b8&bcn=%2Fwebperf%2Fmetrics%2Fbeacon&ld=n6ey&ul=q8av&hd=q8bq\"'
    'HTTP_ACCEPT_ENCODING' => 'gzip, deflate, br'
    'HTTP_ACCEPT_LANGUAGE' => 'en-US,en;q=0.9'
    'HTTP_USER_AGENT' => 'Mozilla/5.0 (Macintosh; Intel Mac OS X 10_15_7) AppleWebKit/605.1.15 (KHTML, like Gecko) Version/16.1 Safari/605.1.15'
    'HTTP_ACCEPT' => 'text/html,application/xhtml+xml,application/xml;q=0.9,*/*;q=0.8'
    'HTTP_X_FORWARDED_PORT' => '443'
    'HTTP_X_FORWARDED_SSL' => 'on'
    'HTTP_X_FORWARDED_PROTO' => 'https'
    'HTTP_X_FORWARDED_FOR' => '172.21.0.1'
    'HTTP_X_REAL_IP' => '172.21.0.1'
    'HTTP_CONNECTION' => 'close'
    'HTTP_HOST' => 'brianhanson.ddev.site'
    'HTTPS' => 'on'
    'REDIRECT_STATUS' => '200'
    'SERVER_NAME' => 'brianhanson.ddev.site'
    'SERVER_PORT' => '80'
    'SERVER_ADDR' => '172.21.0.15'
    'REMOTE_PORT' => '45916'
    'REMOTE_ADDR' => '172.21.0.6'
    'SERVER_SOFTWARE' => 'nginx/1.22.0'
    'GATEWAY_INTERFACE' => 'CGI/1.1'
    'REQUEST_SCHEME' => 'http'
    'SERVER_PROTOCOL' => 'HTTP/1.1'
    'DOCUMENT_ROOT' => '/var/www/html/app/web'
    'DOCUMENT_URI' => '/index.php'
    'REQUEST_URI' => '/'
    'CONTENT_LENGTH' => ''
    'CONTENT_TYPE' => ''
    'REQUEST_METHOD' => 'GET'
    'QUERY_STRING' => ''
    'SCRIPT_NAME' => '/index.php'
    'SCRIPT_FILENAME' => '/var/www/html/app/web/index.php'
    'FCGI_ROLE' => 'RESPONDER'
    'PHP_SELF' => '/index.php'
    'REQUEST_TIME_FLOAT' => 1670248976.0961
    'REQUEST_TIME' => 1670248976
    'CRAFT_APP_ID' => ''
    'CRAFT_ENVIRONMENT' => 'dev'
    'CRAFT_SECURITY_KEY' => '••••••••••••••••••••••••••••••••'
    'CRAFT_DB_DRIVER' => 'mysql'
    'CRAFT_DB_SERVER' => 'db'
    'CRAFT_DB_PORT' => '3306'
    'CRAFT_DB_DATABASE' => 'db'
    'CRAFT_DB_USER' => 'db'
    'CRAFT_DB_PASSWORD' => '••'
    'CRAFT_DB_SCHEMA' => 'public'
    'CRAFT_DB_TABLE_PREFIX' => ''
    'S3_ACCESS_KEY_ID' => '••••••••••••••••••••'
    'S3_SECRET_ACCESS_KEY' => '••••••••••••••••••••••••••••••••••••••••'
    'S3_BUCKET_NAME' => 'brianhanson.net-craftcms-assets'
    'S3_REGION' => 'us-east-1'
    'CLOUDFRONT_DISTRIBUTION_ID' => 'E26RYSF70I2V0I'
    'CLOUDFRONT_URL' => 'https://assets.brianhanson.net'
    'PRIMARY_SITE_URL' => 'https://brianhanson.ddev.site'
]

$_SESSION = [
    'bd62416aa8538ede709019a5e113eea5__flash' => []
    'bd62416aa8538ede709019a5e113eea5__auth_access' => [
        0 => 'previewDraft:9'
        1 => 'saveAssets:1'
        2 => 'previewDraft:44'
        3 => 'previewElement:106'
        4 => 'editStructure:2'
        5 => 'previewDraft:54'
        6 => 'previewDraft:55'
        7 => 'previewElement:116'
        8 => 'previewDraft:56'
        9 => 'previewDraft:57'
        10 => 'previewDraft:58'
        11 => 'previewElement:124'
        12 => 'previewDraft:59'
        13 => 'previewElement:127'
        14 => 'previewDraft:60'
        15 => 'previewElement:130'
        16 => 'previewDraft:61'
        17 => 'previewDraft:62'
        18 => 'previewDraft:63'
        19 => 'previewDraft:64'
        20 => 'previewDraft:65'
        21 => 'previewDraft:66'
        22 => 'previewElement:143'
        23 => 'previewElement:135'
        24 => 'previewDraft:67'
        25 => 'previewDraft:68'
        26 => 'previewElement:148'
        27 => 'previewDraft:69'
        28 => 'previewDraft:70'
        29 => 'previewElement:152'
        30 => 'editStructure:3'
        31 => 'previewDraft:71'
        32 => 'previewDraft:72'
        33 => 'previewDraft:73'
        34 => 'previewElement:159'
        35 => 'previewDraft:74'
        36 => 'previewDraft:75'
        37 => 'previewDraft:76'
        38 => 'previewDraft:77'
        39 => 'previewElement:146'
        40 => 'previewElement:150'
        41 => 'previewElement:133'
        42 => 'previewElement:137'
        43 => 'previewElement:139'
        44 => 'previewElement:141'
        45 => 'previewDraft:78'
        46 => 'previewElement:182'
        47 => 'previewDraft:79'
        48 => 'previewDraft:80'
        49 => 'previewElement:186'
        50 => 'previewDraft:81'
        51 => 'previewElement:188'
        52 => 'previewDraft:82'
        53 => 'previewElement:190'
        54 => 'previewDraft:83'
        55 => 'previewDraft:84'
        56 => 'previewDraft:85'
        57 => 'previewElement:94'
        58 => 'previewElement:47'
    ]
]  
